# JRE version: OpenJDK Runtime Environment (11.0.8+10) (build 11.0.8+10-b944.6842174)
# Java VM: OpenJDK 64-Bit Server VM (11.0.8+10-b944.6842174, mixed mode, tiered, compressed oops, g1 gc, windows-amd64)
Heap:
 garbage-first heap   total 187392K, used 89156K [0x0000000080000000, 0x0000000100000000)
  region size 1024K, 9 young (9216K), 4 survivors (4096K)
 Metaspace       used 79519K, capacity 81490K, committed 81712K, reserved 1120256K
  class space    used 10192K, capacity 10810K, committed 10880K, reserved 1048576K
GC Heap History (20 events):
Event: 20.447 GC heap before
{Heap before GC invocations=28 (full 0):
 garbage-first heap   total 129024K, used 71297K [0x0000000080000000, 0x0000000100000000)
  region size 1024K, 6 young (6144K), 2 survivors (2048K)
 Metaspace       used 43518K, capacity 44437K, committed 44592K, reserved 1087488K
  class space    used 5371K, capacity 5684K, committed 5760K, reserved 1048576K
}
Event: 20.450 GC heap after
{Heap after GC invocations=29 (full 0):
 garbage-first heap   total 129024K, used 56148K [0x0000000080000000, 0x0000000100000000)
  region size 1024K, 1 young (1024K), 1 survivors (1024K)
 Metaspace       used 43518K, capacity 44437K, committed 44592K, reserved 1087488K
  class space    used 5371K, capacity 5684K, committed 5760K, reserved 1048576K
}
Event: 21.427 GC heap before
{Heap before GC invocations=29 (full 0):
 garbage-first heap   total 129024K, used 93012K [0x0000000080000000, 0x0000000100000000)
  region size 1024K, 37 young (37888K), 1 survivors (1024K)
 Metaspace       used 45938K, capacity 47134K, committed 47280K, reserved 1091584K
  class space    used 5681K, capacity 6083K, committed 6144K, reserved 1048576K
}
Event: 21.434 GC heap after
{Heap after GC invocations=30 (full 0):
 garbage-first heap   total 155648K, used 58871K [0x0000000080000000, 0x0000000100000000)
  region size 1024K, 3 young (3072K), 3 survivors (3072K)
 Metaspace       used 45938K, capacity 47134K, committed 47280K, reserved 1091584K
  class space    used 5681K, capacity 6083K, committed 6144K, reserved 1048576K
}
Event: 23.347 GC heap before
{Heap before GC invocations=30 (full 0):
 garbage-first heap   total 155648K, used 112119K [0x0000000080000000, 0x0000000100000000)
  region size 1024K, 55 young (56320K), 3 survivors (3072K)
 Metaspace       used 49488K, capacity 50977K, committed 51248K, reserved 1093632K
  class space    used 6214K, capacity 6680K, committed 6784K, reserved 1048576K
}
Event: 23.355 GC heap after
{Heap after GC invocations=31 (full 0):
 garbage-first heap   total 155648K, used 62143K [0x0000000080000000, 0x0000000100000000)
  region size 1024K, 6 young (6144K), 6 survivors (6144K)
 Metaspace       used 49488K, capacity 50977K, committed 51248K, reserved 1093632K
  class space    used 6214K, capacity 6680K, committed 6784K, reserved 1048576K
}
Event: 24.695 GC heap before
{Heap before GC invocations=31 (full 0):
 garbage-first heap   total 155648K, used 120511K [0x0000000080000000, 0x0000000100000000)
  region size 1024K, 58 young (59392K), 6 survivors (6144K)
 Metaspace       used 52178K, capacity 53753K, committed 53936K, reserved 1095680K
  class space    used 6575K, capacity 7068K, committed 7168K, reserved 1048576K
}
Event: 24.706 GC heap after
{Heap after GC invocations=32 (full 0):
 garbage-first heap   total 155648K, used 76710K [0x0000000080000000, 0x0000000100000000)
  region size 1024K, 8 young (8192K), 8 survivors (8192K)
 Metaspace       used 52178K, capacity 53753K, committed 53936K, reserved 1095680K
  class space    used 6575K, capacity 7068K, committed 7168K, reserved 1048576K
}
Event: 25.970 GC heap before
{Heap before GC invocations=32 (full 0):
 garbage-first heap   total 155648K, used 118694K [0x0000000080000000, 0x0000000100000000)
  region size 1024K, 50 young (51200K), 8 survivors (8192K)
 Metaspace       used 59312K, capacity 60900K, committed 61104K, reserved 1101824K
  class space    used 7387K, capacity 7892K, committed 7936K, reserved 1048576K
}
Event: 25.980 GC heap after
{Heap after GC invocations=33 (full 0):
 garbage-first heap   total 155648K, used 81162K [0x0000000080000000, 0x0000000100000000)
  region size 1024K, 4 young (4096K), 4 survivors (4096K)
 Metaspace       used 59312K, capacity 60900K, committed 61104K, reserved 1101824K
  class space    used 7387K, capacity 7892K, committed 7936K, reserved 1048576K
}
Event: 27.310 GC heap before
{Heap before GC invocations=33 (full 0):
 garbage-first heap   total 155648K, used 122122K [0x0000000080000000, 0x0000000100000000)
  region size 1024K, 44 young (45056K), 4 survivors (4096K)
 Metaspace       used 63075K, capacity 64824K, committed 64944K, reserved 1105920K
  class space    used 7850K, capacity 8404K, committed 8448K, reserved 1048576K
}
Event: 27.319 GC heap after
{Heap after GC invocations=34 (full 0):
 garbage-first heap   total 187392K, used 83366K [0x0000000080000000, 0x0000000100000000)
  region size 1024K, 3 young (3072K), 3 survivors (3072K)
 Metaspace       used 63075K, capacity 64824K, committed 64944K, reserved 1105920K
  class space    used 7850K, capacity 8404K, committed 8448K, reserved 1048576K
}
Event: 29.683 GC heap before
{Heap before GC invocations=34 (full 0):
 garbage-first heap   total 187392K, used 137638K [0x0000000080000000, 0x0000000100000000)
  region size 1024K, 56 young (57344K), 3 survivors (3072K)
 Metaspace       used 68394K, capacity 70260K, committed 70576K, reserved 1110016K
  class space    used 8466K, capacity 9108K, committed 9216K, reserved 1048576K
}
Event: 29.692 GC heap after
{Heap after GC invocations=35 (full 0):
 garbage-first heap   total 187392K, used 88209K [0x0000000080000000, 0x0000000100000000)
  region size 1024K, 7 young (7168K), 7 survivors (7168K)
 Metaspace       used 68394K, capacity 70260K, committed 70576K, reserved 1110016K
  class space    used 8466K, capacity 9108K, committed 9216K, reserved 1048576K
}
Event: 30.654 GC heap before
{Heap before GC invocations=35 (full 0):
 garbage-first heap   total 187392K, used 118929K [0x0000000080000000, 0x0000000100000000)
  region size 1024K, 38 young (38912K), 7 survivors (7168K)
 Metaspace       used 72321K, capacity 74167K, committed 74288K, reserved 1114112K
  class space    used 9120K, capacity 9771K, committed 9856K, reserved 1048576K
}
Event: 30.666 GC heap after
{Heap after GC invocations=36 (full 0):
 garbage-first heap   total 187392K, used 90841K [0x0000000080000000, 0x0000000100000000)
  region size 1024K, 3 young (3072K), 3 survivors (3072K)
 Metaspace       used 72321K, capacity 74167K, committed 74288K, reserved 1114112K
  class space    used 9120K, capacity 9771K, committed 9856K, reserved 1048576K
}
Event: 31.870 GC heap before
{Heap before GC invocations=37 (full 0):
 garbage-first heap   total 187392K, used 128729K [0x0000000080000000, 0x0000000100000000)
  region size 1024K, 48 young (49152K), 3 survivors (3072K)
 Metaspace       used 75301K, capacity 77193K, committed 77488K, reserved 1116160K
  class space    used 9569K, capacity 10169K, committed 10240K, reserved 1048576K
}
Event: 31.880 GC heap after
{Heap after GC invocations=38 (full 0):
 garbage-first heap   total 187392K, used 84770K [0x0000000080000000, 0x0000000100000000)
  region size 1024K, 5 young (5120K), 5 survivors (5120K)
 Metaspace       used 75301K, capacity 77193K, committed 77488K, reserved 1116160K
  class space    used 9569K, capacity 10169K, committed 10240K, reserved 1048576K
}
Event: 31.995 GC heap before
{Heap before GC invocations=38 (full 0):
 garbage-first heap   total 187392K, used 87842K [0x0000000080000000, 0x0000000100000000)
  region size 1024K, 9 young (9216K), 5 survivors (5120K)
 Metaspace       used 75336K, capacity 77196K, committed 77488K, reserved 1116160K
  class space    used 9569K, capacity 10169K, committed 10240K, reserved 1048576K
}
Event: 32.002 GC heap after
{Heap after GC invocations=39 (full 0):
 garbage-first heap   total 187392K, used 82287K [0x0000000080000000, 0x0000000100000000)
  region size 1024K, 1 young (1024K), 1 survivors (1024K)
 Metaspace       used 75336K, capacity 77196K, committed 77488K, reserved 1116160K
  class space    used 9569K, capacity 10169K, committed 10240K, reserved 1048576K
}

